Determining if the pthread_create exist failed with the following output:
Change Dir: /root/catkin_ws/build/scanning_table_msgs/CMakeFiles/CMakeTmp

Run Build Command:/usr/bin/make "cmTryCompileExec2882363617/fast"
/usr/bin/make -f CMakeFiles/cmTryCompileExec2882363617.dir/build.make CMakeFiles/cmTryCompileExec2882363617.dir/build
make[1]: Entering directory `/root/catkin_ws/build/scanning_table_msgs/CMakeFiles/CMakeTmp'
/usr/bin/cmake -E cmake_progress_report /root/catkin_ws/build/scanning_table_msgs/CMakeFiles/CMakeTmp/CMakeFiles 1
Building C object CMakeFiles/cmTryCompileExec2882363617.dir/CheckSymbolExists.c.o
/usr/bin/cc    -o CMakeFiles/cmTryCompileExec2882363617.dir/CheckSymbolExists.c.o   -c /root/catkin_ws/build/scanning_table_msgs/CMakeFiles/CMakeTmp/CheckSymbolExists.c
Linking C executable cmTryCompileExec2882363617
/usr/bin/cmake -E cmake_link_script CMakeFiles/cmTryCompileExec2882363617.dir/link.txt --verbose=1
/usr/bin/cc       CMakeFiles/cmTryCompileExec2882363617.dir/CheckSymbolExists.c.o  -o cmTryCompileExec2882363617 -rdynamic 
CMakeFiles/cmTryCompileExec2882363617.dir/CheckSymbolExists.c.o: In function `main':
CheckSymbolExists.c:(.text+0x16): undefined reference to `pthread_create'
collect2: error: ld returned 1 exit status
make[1]: Leaving directory `/root/catkin_ws/build/scanning_table_msgs/CMakeFiles/CMakeTmp'
make[1]: *** [cmTryCompileExec2882363617] Error 1
make: *** [cmTryCompileExec2882363617/fast] Error 2

File /root/catkin_ws/build/scanning_table_msgs/CMakeFiles/CMakeTmp/CheckSymbolExists.c:
/* */
#include <pthread.h>

int main(int argc, char** argv)
{
  (void)argv;
#ifndef pthread_create
  return ((int*)(&pthread_create))[argc];
#else
  (void)argc;
  return 0;
#endif
}

Determining if the function pthread_create exists in the pthreads failed with the following output:
Change Dir: /root/catkin_ws/build/scanning_table_msgs/CMakeFiles/CMakeTmp

Run Build Command:/usr/bin/make "cmTryCompileExec3702699867/fast"
/usr/bin/make -f CMakeFiles/cmTryCompileExec3702699867.dir/build.make CMakeFiles/cmTryCompileExec3702699867.dir/build
make[1]: Entering directory `/root/catkin_ws/build/scanning_table_msgs/CMakeFiles/CMakeTmp'
/usr/bin/cmake -E cmake_progress_report /root/catkin_ws/build/scanning_table_msgs/CMakeFiles/CMakeTmp/CMakeFiles 1
Building C object CMakeFiles/cmTryCompileExec3702699867.dir/CheckFunctionExists.c.o
/usr/bin/cc   -DCHECK_FUNCTION_EXISTS=pthread_create   -o CMakeFiles/cmTryCompileExec3702699867.dir/CheckFunctionExists.c.o   -c /usr/share/cmake-2.8/Modules/CheckFunctionExists.c
Linking C executable cmTryCompileExec3702699867
/usr/bin/cmake -E cmake_link_script CMakeFiles/cmTryCompileExec3702699867.dir/link.txt --verbose=1
/usr/bin/cc   -DCHECK_FUNCTION_EXISTS=pthread_create    CMakeFiles/cmTryCompileExec3702699867.dir/CheckFunctionExists.c.o  -o cmTryCompileExec3702699867 -rdynamic -lpthreads 
/usr/bin/ld: cannot find -lpthreads
collect2: error: ld returned 1 exit status
make[1]: *** [cmTryCompileExec3702699867] Error 1
make[1]: Leaving directory `/root/catkin_ws/build/scanning_table_msgs/CMakeFiles/CMakeTmp'
make: *** [cmTryCompileExec3702699867/fast] Error 2


