Determining if the pthread_create exist failed with the following output:
Change Dir: /root/catkin_ws/build/iai_cad_downloader/CMakeFiles/CMakeTmp

Run Build Command:/usr/bin/make "cmTryCompileExec433570907/fast"
/usr/bin/make -f CMakeFiles/cmTryCompileExec433570907.dir/build.make CMakeFiles/cmTryCompileExec433570907.dir/build
make[1]: Entering directory `/root/catkin_ws/build/iai_cad_downloader/CMakeFiles/CMakeTmp'
/usr/bin/cmake -E cmake_progress_report /root/catkin_ws/build/iai_cad_downloader/CMakeFiles/CMakeTmp/CMakeFiles 1
Building C object CMakeFiles/cmTryCompileExec433570907.dir/CheckSymbolExists.c.o
/usr/bin/cc    -o CMakeFiles/cmTryCompileExec433570907.dir/CheckSymbolExists.c.o   -c /root/catkin_ws/build/iai_cad_downloader/CMakeFiles/CMakeTmp/CheckSymbolExists.c
Linking C executable cmTryCompileExec433570907
/usr/bin/cmake -E cmake_link_script CMakeFiles/cmTryCompileExec433570907.dir/link.txt --verbose=1
/usr/bin/cc       CMakeFiles/cmTryCompileExec433570907.dir/CheckSymbolExists.c.o  -o cmTryCompileExec433570907 -rdynamic 
CMakeFiles/cmTryCompileExec433570907.dir/CheckSymbolExists.c.o: In function `main':
CheckSymbolExists.c:(.text+0x16): undefined reference to `pthread_create'
collect2: error: ld returned 1 exit status
make[1]: Leaving directory `/root/catkin_ws/build/iai_cad_downloader/CMakeFiles/CMakeTmp'
make[1]: *** [cmTryCompileExec433570907] Error 1
make: *** [cmTryCompileExec433570907/fast] Error 2

File /root/catkin_ws/build/iai_cad_downloader/CMakeFiles/CMakeTmp/CheckSymbolExists.c:
/* */
#include <pthread.h>

int main(int argc, char** argv)
{
  (void)argv;
#ifndef pthread_create
  return ((int*)(&pthread_create))[argc];
#else
  (void)argc;
  return 0;
#endif
}

Determining if the function pthread_create exists in the pthreads failed with the following output:
Change Dir: /root/catkin_ws/build/iai_cad_downloader/CMakeFiles/CMakeTmp

Run Build Command:/usr/bin/make "cmTryCompileExec2800374127/fast"
/usr/bin/make -f CMakeFiles/cmTryCompileExec2800374127.dir/build.make CMakeFiles/cmTryCompileExec2800374127.dir/build
make[1]: Entering directory `/root/catkin_ws/build/iai_cad_downloader/CMakeFiles/CMakeTmp'
/usr/bin/cmake -E cmake_progress_report /root/catkin_ws/build/iai_cad_downloader/CMakeFiles/CMakeTmp/CMakeFiles 1
Building C object CMakeFiles/cmTryCompileExec2800374127.dir/CheckFunctionExists.c.o
/usr/bin/cc   -DCHECK_FUNCTION_EXISTS=pthread_create   -o CMakeFiles/cmTryCompileExec2800374127.dir/CheckFunctionExists.c.o   -c /usr/share/cmake-2.8/Modules/CheckFunctionExists.c
Linking C executable cmTryCompileExec2800374127
/usr/bin/cmake -E cmake_link_script CMakeFiles/cmTryCompileExec2800374127.dir/link.txt --verbose=1
/usr/bin/cc   -DCHECK_FUNCTION_EXISTS=pthread_create    CMakeFiles/cmTryCompileExec2800374127.dir/CheckFunctionExists.c.o  -o cmTryCompileExec2800374127 -rdynamic -lpthreads 
/usr/bin/ld: cannot find -lpthreads
collect2: error: ld returned 1 exit status
make[1]: Leaving directory `/root/catkin_ws/build/iai_cad_downloader/CMakeFiles/CMakeTmp'
make[1]: *** [cmTryCompileExec2800374127] Error 1
make: *** [cmTryCompileExec2800374127/fast] Error 2


