Determining if the pthread_create exist failed with the following output:
Change Dir: /root/catkin_ws/build/camera_extrinsics/CMakeFiles/CMakeTmp

Run Build Command:/usr/bin/make "cmTryCompileExec3030926841/fast"
/usr/bin/make -f CMakeFiles/cmTryCompileExec3030926841.dir/build.make CMakeFiles/cmTryCompileExec3030926841.dir/build
make[1]: Entering directory `/root/catkin_ws/build/camera_extrinsics/CMakeFiles/CMakeTmp'
/usr/bin/cmake -E cmake_progress_report /root/catkin_ws/build/camera_extrinsics/CMakeFiles/CMakeTmp/CMakeFiles 1
Building C object CMakeFiles/cmTryCompileExec3030926841.dir/CheckSymbolExists.c.o
/usr/bin/cc    -o CMakeFiles/cmTryCompileExec3030926841.dir/CheckSymbolExists.c.o   -c /root/catkin_ws/build/camera_extrinsics/CMakeFiles/CMakeTmp/CheckSymbolExists.c
Linking C executable cmTryCompileExec3030926841
/usr/bin/cmake -E cmake_link_script CMakeFiles/cmTryCompileExec3030926841.dir/link.txt --verbose=1
/usr/bin/cc       CMakeFiles/cmTryCompileExec3030926841.dir/CheckSymbolExists.c.o  -o cmTryCompileExec3030926841 -rdynamic 
CMakeFiles/cmTryCompileExec3030926841.dir/CheckSymbolExists.c.o: In function `main':
CheckSymbolExists.c:(.text+0x16): undefined reference to `pthread_create'
collect2: error: ld returned 1 exit status
make[1]: Leaving directory `/root/catkin_ws/build/camera_extrinsics/CMakeFiles/CMakeTmp'
make[1]: *** [cmTryCompileExec3030926841] Error 1
make: *** [cmTryCompileExec3030926841/fast] Error 2

File /root/catkin_ws/build/camera_extrinsics/CMakeFiles/CMakeTmp/CheckSymbolExists.c:
/* */
#include <pthread.h>

int main(int argc, char** argv)
{
  (void)argv;
#ifndef pthread_create
  return ((int*)(&pthread_create))[argc];
#else
  (void)argc;
  return 0;
#endif
}

Determining if the function pthread_create exists in the pthreads failed with the following output:
Change Dir: /root/catkin_ws/build/camera_extrinsics/CMakeFiles/CMakeTmp

Run Build Command:/usr/bin/make "cmTryCompileExec927383603/fast"
/usr/bin/make -f CMakeFiles/cmTryCompileExec927383603.dir/build.make CMakeFiles/cmTryCompileExec927383603.dir/build
make[1]: Entering directory `/root/catkin_ws/build/camera_extrinsics/CMakeFiles/CMakeTmp'
/usr/bin/cmake -E cmake_progress_report /root/catkin_ws/build/camera_extrinsics/CMakeFiles/CMakeTmp/CMakeFiles 1
Building C object CMakeFiles/cmTryCompileExec927383603.dir/CheckFunctionExists.c.o
/usr/bin/cc   -DCHECK_FUNCTION_EXISTS=pthread_create   -o CMakeFiles/cmTryCompileExec927383603.dir/CheckFunctionExists.c.o   -c /usr/share/cmake-2.8/Modules/CheckFunctionExists.c
Linking C executable cmTryCompileExec927383603
/usr/bin/cmake -E cmake_link_script CMakeFiles/cmTryCompileExec927383603.dir/link.txt --verbose=1
/usr/bin/cc   -DCHECK_FUNCTION_EXISTS=pthread_create    CMakeFiles/cmTryCompileExec927383603.dir/CheckFunctionExists.c.o  -o cmTryCompileExec927383603 -rdynamic -lpthreads 
/usr/bin/ld: cannot find -lpthreads
collect2: error: ld returned 1 exit status
make[1]: Leaving directory `/root/catkin_ws/build/camera_extrinsics/CMakeFiles/CMakeTmp'
make[1]: *** [cmTryCompileExec927383603] Error 1
make: *** [cmTryCompileExec927383603/fast] Error 2


