Determining if the pthread_create exist failed with the following output:
Change Dir: /root/catkin_ws/build/iai_control_msgs/CMakeFiles/CMakeTmp

Run Build Command:/usr/bin/make "cmTryCompileExec119910574/fast"
/usr/bin/make -f CMakeFiles/cmTryCompileExec119910574.dir/build.make CMakeFiles/cmTryCompileExec119910574.dir/build
make[1]: Entering directory `/root/catkin_ws/build/iai_control_msgs/CMakeFiles/CMakeTmp'
/usr/bin/cmake -E cmake_progress_report /root/catkin_ws/build/iai_control_msgs/CMakeFiles/CMakeTmp/CMakeFiles 1
Building C object CMakeFiles/cmTryCompileExec119910574.dir/CheckSymbolExists.c.o
/usr/bin/cc    -o CMakeFiles/cmTryCompileExec119910574.dir/CheckSymbolExists.c.o   -c /root/catkin_ws/build/iai_control_msgs/CMakeFiles/CMakeTmp/CheckSymbolExists.c
Linking C executable cmTryCompileExec119910574
/usr/bin/cmake -E cmake_link_script CMakeFiles/cmTryCompileExec119910574.dir/link.txt --verbose=1
/usr/bin/cc       CMakeFiles/cmTryCompileExec119910574.dir/CheckSymbolExists.c.o  -o cmTryCompileExec119910574 -rdynamic 
CMakeFiles/cmTryCompileExec119910574.dir/CheckSymbolExists.c.o: In function `main':
CheckSymbolExists.c:(.text+0x16): undefined reference to `pthread_create'
collect2: error: ld returned 1 exit status
make[1]: Leaving directory `/root/catkin_ws/build/iai_control_msgs/CMakeFiles/CMakeTmp'
make[1]: *** [cmTryCompileExec119910574] Error 1
make: *** [cmTryCompileExec119910574/fast] Error 2

File /root/catkin_ws/build/iai_control_msgs/CMakeFiles/CMakeTmp/CheckSymbolExists.c:
/* */
#include <pthread.h>

int main(int argc, char** argv)
{
  (void)argv;
#ifndef pthread_create
  return ((int*)(&pthread_create))[argc];
#else
  (void)argc;
  return 0;
#endif
}

Determining if the function pthread_create exists in the pthreads failed with the following output:
Change Dir: /root/catkin_ws/build/iai_control_msgs/CMakeFiles/CMakeTmp

Run Build Command:/usr/bin/make "cmTryCompileExec1238832184/fast"
/usr/bin/make -f CMakeFiles/cmTryCompileExec1238832184.dir/build.make CMakeFiles/cmTryCompileExec1238832184.dir/build
make[1]: Entering directory `/root/catkin_ws/build/iai_control_msgs/CMakeFiles/CMakeTmp'
/usr/bin/cmake -E cmake_progress_report /root/catkin_ws/build/iai_control_msgs/CMakeFiles/CMakeTmp/CMakeFiles 1
Building C object CMakeFiles/cmTryCompileExec1238832184.dir/CheckFunctionExists.c.o
/usr/bin/cc   -DCHECK_FUNCTION_EXISTS=pthread_create   -o CMakeFiles/cmTryCompileExec1238832184.dir/CheckFunctionExists.c.o   -c /usr/share/cmake-2.8/Modules/CheckFunctionExists.c
Linking C executable cmTryCompileExec1238832184
/usr/bin/cmake -E cmake_link_script CMakeFiles/cmTryCompileExec1238832184.dir/link.txt --verbose=1
/usr/bin/cc   -DCHECK_FUNCTION_EXISTS=pthread_create    CMakeFiles/cmTryCompileExec1238832184.dir/CheckFunctionExists.c.o  -o cmTryCompileExec1238832184 -rdynamic -lpthreads 
/usr/bin/ld: cannot find -lpthreads
collect2: error: ld returned 1 exit status
make[1]: Leaving directory `/root/catkin_ws/build/iai_control_msgs/CMakeFiles/CMakeTmp'
make[1]: *** [cmTryCompileExec1238832184] Error 1
make: *** [cmTryCompileExec1238832184/fast] Error 2


