Determining if the pthread_create exist failed with the following output:
Change Dir: /root/catkin_ws/build/duo3d_ros/CMakeFiles/CMakeTmp

Run Build Command:/usr/bin/make "cmTryCompileExec3341505058/fast"
/usr/bin/make -f CMakeFiles/cmTryCompileExec3341505058.dir/build.make CMakeFiles/cmTryCompileExec3341505058.dir/build
make[1]: Entering directory `/root/catkin_ws/build/duo3d_ros/CMakeFiles/CMakeTmp'
/usr/bin/cmake -E cmake_progress_report /root/catkin_ws/build/duo3d_ros/CMakeFiles/CMakeTmp/CMakeFiles 1
Building C object CMakeFiles/cmTryCompileExec3341505058.dir/CheckSymbolExists.c.o
/usr/bin/cc    -o CMakeFiles/cmTryCompileExec3341505058.dir/CheckSymbolExists.c.o   -c /root/catkin_ws/build/duo3d_ros/CMakeFiles/CMakeTmp/CheckSymbolExists.c
Linking C executable cmTryCompileExec3341505058
/usr/bin/cmake -E cmake_link_script CMakeFiles/cmTryCompileExec3341505058.dir/link.txt --verbose=1
/usr/bin/cc       CMakeFiles/cmTryCompileExec3341505058.dir/CheckSymbolExists.c.o  -o cmTryCompileExec3341505058 -rdynamic 
CMakeFiles/cmTryCompileExec3341505058.dir/CheckSymbolExists.c.o: In function `main':
CheckSymbolExists.c:(.text+0x16): undefined reference to `pthread_create'
collect2: error: ld returned 1 exit status
make[1]: Leaving directory `/root/catkin_ws/build/duo3d_ros/CMakeFiles/CMakeTmp'
make[1]: *** [cmTryCompileExec3341505058] Error 1
make: *** [cmTryCompileExec3341505058/fast] Error 2

File /root/catkin_ws/build/duo3d_ros/CMakeFiles/CMakeTmp/CheckSymbolExists.c:
/* */
#include <pthread.h>

int main(int argc, char** argv)
{
  (void)argv;
#ifndef pthread_create
  return ((int*)(&pthread_create))[argc];
#else
  (void)argc;
  return 0;
#endif
}

Determining if the function pthread_create exists in the pthreads failed with the following output:
Change Dir: /root/catkin_ws/build/duo3d_ros/CMakeFiles/CMakeTmp

Run Build Command:/usr/bin/make "cmTryCompileExec3953491157/fast"
/usr/bin/make -f CMakeFiles/cmTryCompileExec3953491157.dir/build.make CMakeFiles/cmTryCompileExec3953491157.dir/build
make[1]: Entering directory `/root/catkin_ws/build/duo3d_ros/CMakeFiles/CMakeTmp'
/usr/bin/cmake -E cmake_progress_report /root/catkin_ws/build/duo3d_ros/CMakeFiles/CMakeTmp/CMakeFiles 1
Building C object CMakeFiles/cmTryCompileExec3953491157.dir/CheckFunctionExists.c.o
/usr/bin/cc   -DCHECK_FUNCTION_EXISTS=pthread_create   -o CMakeFiles/cmTryCompileExec3953491157.dir/CheckFunctionExists.c.o   -c /usr/share/cmake-2.8/Modules/CheckFunctionExists.c
Linking C executable cmTryCompileExec3953491157
/usr/bin/cmake -E cmake_link_script CMakeFiles/cmTryCompileExec3953491157.dir/link.txt --verbose=1
/usr/bin/cc   -DCHECK_FUNCTION_EXISTS=pthread_create    CMakeFiles/cmTryCompileExec3953491157.dir/CheckFunctionExists.c.o  -o cmTryCompileExec3953491157 -rdynamic -lpthreads 
/usr/bin/ld: cannot find -lpthreads
collect2: error: ld returned 1 exit status
make[1]: Leaving directory `/root/catkin_ws/build/duo3d_ros/CMakeFiles/CMakeTmp'
make[1]: *** [cmTryCompileExec3953491157] Error 1
make: *** [cmTryCompileExec3953491157/fast] Error 2


