Determining if the pthread_create exist failed with the following output:
Change Dir: /root/catkin_ws/build/comp_spatial/CMakeFiles/CMakeTmp

Run Build Command:/usr/bin/make "cmTryCompileExec4233464746/fast"
/usr/bin/make -f CMakeFiles/cmTryCompileExec4233464746.dir/build.make CMakeFiles/cmTryCompileExec4233464746.dir/build
make[1]: Entering directory `/root/catkin_ws/build/comp_spatial/CMakeFiles/CMakeTmp'
/usr/bin/cmake -E cmake_progress_report /root/catkin_ws/build/comp_spatial/CMakeFiles/CMakeTmp/CMakeFiles 1
Building C object CMakeFiles/cmTryCompileExec4233464746.dir/CheckSymbolExists.c.o
/usr/bin/cc    -o CMakeFiles/cmTryCompileExec4233464746.dir/CheckSymbolExists.c.o   -c /root/catkin_ws/build/comp_spatial/CMakeFiles/CMakeTmp/CheckSymbolExists.c
Linking C executable cmTryCompileExec4233464746
/usr/bin/cmake -E cmake_link_script CMakeFiles/cmTryCompileExec4233464746.dir/link.txt --verbose=1
/usr/bin/cc       CMakeFiles/cmTryCompileExec4233464746.dir/CheckSymbolExists.c.o  -o cmTryCompileExec4233464746 -rdynamic 
CMakeFiles/cmTryCompileExec4233464746.dir/CheckSymbolExists.c.o: In function `main':
CheckSymbolExists.c:(.text+0x16): undefined reference to `pthread_create'
collect2: error: ld returned 1 exit status
make[1]: *** [cmTryCompileExec4233464746] Error 1
make[1]: Leaving directory `/root/catkin_ws/build/comp_spatial/CMakeFiles/CMakeTmp'
make: *** [cmTryCompileExec4233464746/fast] Error 2

File /root/catkin_ws/build/comp_spatial/CMakeFiles/CMakeTmp/CheckSymbolExists.c:
/* */
#include <pthread.h>

int main(int argc, char** argv)
{
  (void)argv;
#ifndef pthread_create
  return ((int*)(&pthread_create))[argc];
#else
  (void)argc;
  return 0;
#endif
}

Determining if the function pthread_create exists in the pthreads failed with the following output:
Change Dir: /root/catkin_ws/build/comp_spatial/CMakeFiles/CMakeTmp

Run Build Command:/usr/bin/make "cmTryCompileExec971477247/fast"
/usr/bin/make -f CMakeFiles/cmTryCompileExec971477247.dir/build.make CMakeFiles/cmTryCompileExec971477247.dir/build
make[1]: Entering directory `/root/catkin_ws/build/comp_spatial/CMakeFiles/CMakeTmp'
/usr/bin/cmake -E cmake_progress_report /root/catkin_ws/build/comp_spatial/CMakeFiles/CMakeTmp/CMakeFiles 1
Building C object CMakeFiles/cmTryCompileExec971477247.dir/CheckFunctionExists.c.o
/usr/bin/cc   -DCHECK_FUNCTION_EXISTS=pthread_create   -o CMakeFiles/cmTryCompileExec971477247.dir/CheckFunctionExists.c.o   -c /usr/share/cmake-2.8/Modules/CheckFunctionExists.c
Linking C executable cmTryCompileExec971477247
/usr/bin/cmake -E cmake_link_script CMakeFiles/cmTryCompileExec971477247.dir/link.txt --verbose=1
/usr/bin/cc   -DCHECK_FUNCTION_EXISTS=pthread_create    CMakeFiles/cmTryCompileExec971477247.dir/CheckFunctionExists.c.o  -o cmTryCompileExec971477247 -rdynamic -lpthreads 
/usr/bin/ld: cannot find -lpthreads
collect2: error: ld returned 1 exit status
make[1]: *** [cmTryCompileExec971477247] Error 1
make[1]: Leaving directory `/root/catkin_ws/build/comp_spatial/CMakeFiles/CMakeTmp'
make: *** [cmTryCompileExec971477247/fast] Error 2


