Determining if the pthread_create exist failed with the following output:
Change Dir: /root/catkin_ws/build/attache_msgs/CMakeFiles/CMakeTmp

Run Build Command:/usr/bin/make "cmTryCompileExec931139030/fast"
/usr/bin/make -f CMakeFiles/cmTryCompileExec931139030.dir/build.make CMakeFiles/cmTryCompileExec931139030.dir/build
make[1]: Entering directory `/root/catkin_ws/build/attache_msgs/CMakeFiles/CMakeTmp'
/usr/bin/cmake -E cmake_progress_report /root/catkin_ws/build/attache_msgs/CMakeFiles/CMakeTmp/CMakeFiles 1
Building C object CMakeFiles/cmTryCompileExec931139030.dir/CheckSymbolExists.c.o
/usr/bin/cc    -o CMakeFiles/cmTryCompileExec931139030.dir/CheckSymbolExists.c.o   -c /root/catkin_ws/build/attache_msgs/CMakeFiles/CMakeTmp/CheckSymbolExists.c
Linking C executable cmTryCompileExec931139030
/usr/bin/cmake -E cmake_link_script CMakeFiles/cmTryCompileExec931139030.dir/link.txt --verbose=1
/usr/bin/cc       CMakeFiles/cmTryCompileExec931139030.dir/CheckSymbolExists.c.o  -o cmTryCompileExec931139030 -rdynamic 
CMakeFiles/cmTryCompileExec931139030.dir/CheckSymbolExists.c.o: In function `main':
CheckSymbolExists.c:(.text+0x16): undefined reference to `pthread_create'
collect2: error: ld returned 1 exit status
make[1]: *** [cmTryCompileExec931139030] Error 1
make[1]: Leaving directory `/root/catkin_ws/build/attache_msgs/CMakeFiles/CMakeTmp'
make: *** [cmTryCompileExec931139030/fast] Error 2

File /root/catkin_ws/build/attache_msgs/CMakeFiles/CMakeTmp/CheckSymbolExists.c:
/* */
#include <pthread.h>

int main(int argc, char** argv)
{
  (void)argv;
#ifndef pthread_create
  return ((int*)(&pthread_create))[argc];
#else
  (void)argc;
  return 0;
#endif
}

Determining if the function pthread_create exists in the pthreads failed with the following output:
Change Dir: /root/catkin_ws/build/attache_msgs/CMakeFiles/CMakeTmp

Run Build Command:/usr/bin/make "cmTryCompileExec556014523/fast"
/usr/bin/make -f CMakeFiles/cmTryCompileExec556014523.dir/build.make CMakeFiles/cmTryCompileExec556014523.dir/build
make[1]: Entering directory `/root/catkin_ws/build/attache_msgs/CMakeFiles/CMakeTmp'
/usr/bin/cmake -E cmake_progress_report /root/catkin_ws/build/attache_msgs/CMakeFiles/CMakeTmp/CMakeFiles 1
Building C object CMakeFiles/cmTryCompileExec556014523.dir/CheckFunctionExists.c.o
/usr/bin/cc   -DCHECK_FUNCTION_EXISTS=pthread_create   -o CMakeFiles/cmTryCompileExec556014523.dir/CheckFunctionExists.c.o   -c /usr/share/cmake-2.8/Modules/CheckFunctionExists.c
Linking C executable cmTryCompileExec556014523
/usr/bin/cmake -E cmake_link_script CMakeFiles/cmTryCompileExec556014523.dir/link.txt --verbose=1
/usr/bin/cc   -DCHECK_FUNCTION_EXISTS=pthread_create    CMakeFiles/cmTryCompileExec556014523.dir/CheckFunctionExists.c.o  -o cmTryCompileExec556014523 -rdynamic -lpthreads 
/usr/bin/ld: cannot find -lpthreads
collect2: error: ld returned 1 exit status
make[1]: Leaving directory `/root/catkin_ws/build/attache_msgs/CMakeFiles/CMakeTmp'
make[1]: *** [cmTryCompileExec556014523] Error 1
make: *** [cmTryCompileExec556014523/fast] Error 2


