Determining if the pthread_create exist failed with the following output:
Change Dir: /root/catkin_ws/build/comp_orgprinciples/CMakeFiles/CMakeTmp

Run Build Command:/usr/bin/make "cmTryCompileExec2484578215/fast"
/usr/bin/make -f CMakeFiles/cmTryCompileExec2484578215.dir/build.make CMakeFiles/cmTryCompileExec2484578215.dir/build
make[1]: Entering directory `/root/catkin_ws/build/comp_orgprinciples/CMakeFiles/CMakeTmp'
/usr/bin/cmake -E cmake_progress_report /root/catkin_ws/build/comp_orgprinciples/CMakeFiles/CMakeTmp/CMakeFiles 1
Building C object CMakeFiles/cmTryCompileExec2484578215.dir/CheckSymbolExists.c.o
/usr/bin/cc    -o CMakeFiles/cmTryCompileExec2484578215.dir/CheckSymbolExists.c.o   -c /root/catkin_ws/build/comp_orgprinciples/CMakeFiles/CMakeTmp/CheckSymbolExists.c
Linking C executable cmTryCompileExec2484578215
/usr/bin/cmake -E cmake_link_script CMakeFiles/cmTryCompileExec2484578215.dir/link.txt --verbose=1
/usr/bin/cc       CMakeFiles/cmTryCompileExec2484578215.dir/CheckSymbolExists.c.o  -o cmTryCompileExec2484578215 -rdynamic 
CMakeFiles/cmTryCompileExec2484578215.dir/CheckSymbolExists.c.o: In function `main':
CheckSymbolExists.c:(.text+0x16): undefined reference to `pthread_create'
collect2: error: ld returned 1 exit status
make[1]: *** [cmTryCompileExec2484578215] Error 1
make[1]: Leaving directory `/root/catkin_ws/build/comp_orgprinciples/CMakeFiles/CMakeTmp'
make: *** [cmTryCompileExec2484578215/fast] Error 2

File /root/catkin_ws/build/comp_orgprinciples/CMakeFiles/CMakeTmp/CheckSymbolExists.c:
/* */
#include <pthread.h>

int main(int argc, char** argv)
{
  (void)argv;
#ifndef pthread_create
  return ((int*)(&pthread_create))[argc];
#else
  (void)argc;
  return 0;
#endif
}

Determining if the function pthread_create exists in the pthreads failed with the following output:
Change Dir: /root/catkin_ws/build/comp_orgprinciples/CMakeFiles/CMakeTmp

Run Build Command:/usr/bin/make "cmTryCompileExec2654595140/fast"
/usr/bin/make -f CMakeFiles/cmTryCompileExec2654595140.dir/build.make CMakeFiles/cmTryCompileExec2654595140.dir/build
make[1]: Entering directory `/root/catkin_ws/build/comp_orgprinciples/CMakeFiles/CMakeTmp'
/usr/bin/cmake -E cmake_progress_report /root/catkin_ws/build/comp_orgprinciples/CMakeFiles/CMakeTmp/CMakeFiles 1
Building C object CMakeFiles/cmTryCompileExec2654595140.dir/CheckFunctionExists.c.o
/usr/bin/cc   -DCHECK_FUNCTION_EXISTS=pthread_create   -o CMakeFiles/cmTryCompileExec2654595140.dir/CheckFunctionExists.c.o   -c /usr/share/cmake-2.8/Modules/CheckFunctionExists.c
Linking C executable cmTryCompileExec2654595140
/usr/bin/cmake -E cmake_link_script CMakeFiles/cmTryCompileExec2654595140.dir/link.txt --verbose=1
/usr/bin/cc   -DCHECK_FUNCTION_EXISTS=pthread_create    CMakeFiles/cmTryCompileExec2654595140.dir/CheckFunctionExists.c.o  -o cmTryCompileExec2654595140 -rdynamic -lpthreads 
/usr/bin/ld: cannot find -lpthreads
collect2: error: ld returned 1 exit status
make[1]: *** [cmTryCompileExec2654595140] Error 1
make[1]: Leaving directory `/root/catkin_ws/build/comp_orgprinciples/CMakeFiles/CMakeTmp'
make: *** [cmTryCompileExec2654595140/fast] Error 2


