Determining if the pthread_create exist failed with the following output:
Change Dir: /root/catkin_ws/build/planning_msgs/CMakeFiles/CMakeTmp

Run Build Command:/usr/bin/make "cmTryCompileExec2626079390/fast"
/usr/bin/make -f CMakeFiles/cmTryCompileExec2626079390.dir/build.make CMakeFiles/cmTryCompileExec2626079390.dir/build
make[1]: Entering directory `/root/catkin_ws/build/planning_msgs/CMakeFiles/CMakeTmp'
/usr/bin/cmake -E cmake_progress_report /root/catkin_ws/build/planning_msgs/CMakeFiles/CMakeTmp/CMakeFiles 1
Building C object CMakeFiles/cmTryCompileExec2626079390.dir/CheckSymbolExists.c.o
/usr/bin/cc    -o CMakeFiles/cmTryCompileExec2626079390.dir/CheckSymbolExists.c.o   -c /root/catkin_ws/build/planning_msgs/CMakeFiles/CMakeTmp/CheckSymbolExists.c
Linking C executable cmTryCompileExec2626079390
/usr/bin/cmake -E cmake_link_script CMakeFiles/cmTryCompileExec2626079390.dir/link.txt --verbose=1
/usr/bin/cc       CMakeFiles/cmTryCompileExec2626079390.dir/CheckSymbolExists.c.o  -o cmTryCompileExec2626079390 -rdynamic 
CMakeFiles/cmTryCompileExec2626079390.dir/CheckSymbolExists.c.o: In function `main':
CheckSymbolExists.c:(.text+0x16): undefined reference to `pthread_create'
collect2: error: ld returned 1 exit status
make[1]: *** [cmTryCompileExec2626079390] Error 1
make[1]: Leaving directory `/root/catkin_ws/build/planning_msgs/CMakeFiles/CMakeTmp'
make: *** [cmTryCompileExec2626079390/fast] Error 2

File /root/catkin_ws/build/planning_msgs/CMakeFiles/CMakeTmp/CheckSymbolExists.c:
/* */
#include <pthread.h>

int main(int argc, char** argv)
{
  (void)argv;
#ifndef pthread_create
  return ((int*)(&pthread_create))[argc];
#else
  (void)argc;
  return 0;
#endif
}

Determining if the function pthread_create exists in the pthreads failed with the following output:
Change Dir: /root/catkin_ws/build/planning_msgs/CMakeFiles/CMakeTmp

Run Build Command:/usr/bin/make "cmTryCompileExec1977021164/fast"
/usr/bin/make -f CMakeFiles/cmTryCompileExec1977021164.dir/build.make CMakeFiles/cmTryCompileExec1977021164.dir/build
make[1]: Entering directory `/root/catkin_ws/build/planning_msgs/CMakeFiles/CMakeTmp'
/usr/bin/cmake -E cmake_progress_report /root/catkin_ws/build/planning_msgs/CMakeFiles/CMakeTmp/CMakeFiles 1
Building C object CMakeFiles/cmTryCompileExec1977021164.dir/CheckFunctionExists.c.o
/usr/bin/cc   -DCHECK_FUNCTION_EXISTS=pthread_create   -o CMakeFiles/cmTryCompileExec1977021164.dir/CheckFunctionExists.c.o   -c /usr/share/cmake-2.8/Modules/CheckFunctionExists.c
Linking C executable cmTryCompileExec1977021164
/usr/bin/cmake -E cmake_link_script CMakeFiles/cmTryCompileExec1977021164.dir/link.txt --verbose=1
/usr/bin/cc   -DCHECK_FUNCTION_EXISTS=pthread_create    CMakeFiles/cmTryCompileExec1977021164.dir/CheckFunctionExists.c.o  -o cmTryCompileExec1977021164 -rdynamic -lpthreads 
/usr/bin/ld: cannot find -lpthreads
collect2: error: ld returned 1 exit status
make[1]: Leaving directory `/root/catkin_ws/build/planning_msgs/CMakeFiles/CMakeTmp'
make[1]: *** [cmTryCompileExec1977021164] Error 1
make: *** [cmTryCompileExec1977021164/fast] Error 2


