Determining if the pthread_create exist failed with the following output:
Change Dir: /root/catkin_ws/build/catkin_tools_prebuild/CMakeFiles/CMakeTmp

Run Build Command:/usr/bin/make "cmTryCompileExec997261106/fast"
/usr/bin/make -f CMakeFiles/cmTryCompileExec997261106.dir/build.make CMakeFiles/cmTryCompileExec997261106.dir/build
make[1]: Entering directory `/root/catkin_ws/build/catkin_tools_prebuild/CMakeFiles/CMakeTmp'
/usr/bin/cmake -E cmake_progress_report /root/catkin_ws/build/catkin_tools_prebuild/CMakeFiles/CMakeTmp/CMakeFiles 1
Building C object CMakeFiles/cmTryCompileExec997261106.dir/CheckSymbolExists.c.o
/usr/bin/cc    -o CMakeFiles/cmTryCompileExec997261106.dir/CheckSymbolExists.c.o   -c /root/catkin_ws/build/catkin_tools_prebuild/CMakeFiles/CMakeTmp/CheckSymbolExists.c
Linking C executable cmTryCompileExec997261106
/usr/bin/cmake -E cmake_link_script CMakeFiles/cmTryCompileExec997261106.dir/link.txt --verbose=1
/usr/bin/cc       CMakeFiles/cmTryCompileExec997261106.dir/CheckSymbolExists.c.o  -o cmTryCompileExec997261106 -rdynamic 
CMakeFiles/cmTryCompileExec997261106.dir/CheckSymbolExists.c.o: In function `main':
CheckSymbolExists.c:(.text+0x16): undefined reference to `pthread_create'
collect2: error: ld returned 1 exit status
make[1]: *** [cmTryCompileExec997261106] Error 1
make[1]: Leaving directory `/root/catkin_ws/build/catkin_tools_prebuild/CMakeFiles/CMakeTmp'
make: *** [cmTryCompileExec997261106/fast] Error 2

File /root/catkin_ws/build/catkin_tools_prebuild/CMakeFiles/CMakeTmp/CheckSymbolExists.c:
/* */
#include <pthread.h>

int main(int argc, char** argv)
{
  (void)argv;
#ifndef pthread_create
  return ((int*)(&pthread_create))[argc];
#else
  (void)argc;
  return 0;
#endif
}

Determining if the function pthread_create exists in the pthreads failed with the following output:
Change Dir: /root/catkin_ws/build/catkin_tools_prebuild/CMakeFiles/CMakeTmp

Run Build Command:/usr/bin/make "cmTryCompileExec948184983/fast"
/usr/bin/make -f CMakeFiles/cmTryCompileExec948184983.dir/build.make CMakeFiles/cmTryCompileExec948184983.dir/build
make[1]: Entering directory `/root/catkin_ws/build/catkin_tools_prebuild/CMakeFiles/CMakeTmp'
/usr/bin/cmake -E cmake_progress_report /root/catkin_ws/build/catkin_tools_prebuild/CMakeFiles/CMakeTmp/CMakeFiles 1
Building C object CMakeFiles/cmTryCompileExec948184983.dir/CheckFunctionExists.c.o
/usr/bin/cc   -DCHECK_FUNCTION_EXISTS=pthread_create   -o CMakeFiles/cmTryCompileExec948184983.dir/CheckFunctionExists.c.o   -c /usr/share/cmake-2.8/Modules/CheckFunctionExists.c
Linking C executable cmTryCompileExec948184983
/usr/bin/cmake -E cmake_link_script CMakeFiles/cmTryCompileExec948184983.dir/link.txt --verbose=1
/usr/bin/cc   -DCHECK_FUNCTION_EXISTS=pthread_create    CMakeFiles/cmTryCompileExec948184983.dir/CheckFunctionExists.c.o  -o cmTryCompileExec948184983 -rdynamic -lpthreads 
/usr/bin/ld: cannot find -lpthreads
collect2: error: ld returned 1 exit status
make[1]: *** [cmTryCompileExec948184983] Error 1
make[1]: Leaving directory `/root/catkin_ws/build/catkin_tools_prebuild/CMakeFiles/CMakeTmp'
make: *** [cmTryCompileExec948184983/fast] Error 2


