Determining if the pthread_create exist failed with the following output:
Change Dir: /root/catkin_ws/build/rosprolog/CMakeFiles/CMakeTmp

Run Build Command:/usr/bin/make "cmTryCompileExec491995276/fast"
/usr/bin/make -f CMakeFiles/cmTryCompileExec491995276.dir/build.make CMakeFiles/cmTryCompileExec491995276.dir/build
make[1]: Entering directory `/root/catkin_ws/build/rosprolog/CMakeFiles/CMakeTmp'
/usr/bin/cmake -E cmake_progress_report /root/catkin_ws/build/rosprolog/CMakeFiles/CMakeTmp/CMakeFiles 1
Building C object CMakeFiles/cmTryCompileExec491995276.dir/CheckSymbolExists.c.o
/usr/bin/cc    -o CMakeFiles/cmTryCompileExec491995276.dir/CheckSymbolExists.c.o   -c /root/catkin_ws/build/rosprolog/CMakeFiles/CMakeTmp/CheckSymbolExists.c
Linking C executable cmTryCompileExec491995276
/usr/bin/cmake -E cmake_link_script CMakeFiles/cmTryCompileExec491995276.dir/link.txt --verbose=1
/usr/bin/cc       CMakeFiles/cmTryCompileExec491995276.dir/CheckSymbolExists.c.o  -o cmTryCompileExec491995276 -rdynamic 
CMakeFiles/cmTryCompileExec491995276.dir/CheckSymbolExists.c.o: In function `main':
CheckSymbolExists.c:(.text+0x16): undefined reference to `pthread_create'
collect2: error: ld returned 1 exit status
make[1]: *** [cmTryCompileExec491995276] Error 1
make[1]: Leaving directory `/root/catkin_ws/build/rosprolog/CMakeFiles/CMakeTmp'
make: *** [cmTryCompileExec491995276/fast] Error 2

File /root/catkin_ws/build/rosprolog/CMakeFiles/CMakeTmp/CheckSymbolExists.c:
/* */
#include <pthread.h>

int main(int argc, char** argv)
{
  (void)argv;
#ifndef pthread_create
  return ((int*)(&pthread_create))[argc];
#else
  (void)argc;
  return 0;
#endif
}

Determining if the function pthread_create exists in the pthreads failed with the following output:
Change Dir: /root/catkin_ws/build/rosprolog/CMakeFiles/CMakeTmp

Run Build Command:/usr/bin/make "cmTryCompileExec3163759548/fast"
/usr/bin/make -f CMakeFiles/cmTryCompileExec3163759548.dir/build.make CMakeFiles/cmTryCompileExec3163759548.dir/build
make[1]: Entering directory `/root/catkin_ws/build/rosprolog/CMakeFiles/CMakeTmp'
/usr/bin/cmake -E cmake_progress_report /root/catkin_ws/build/rosprolog/CMakeFiles/CMakeTmp/CMakeFiles 1
Building C object CMakeFiles/cmTryCompileExec3163759548.dir/CheckFunctionExists.c.o
/usr/bin/cc   -DCHECK_FUNCTION_EXISTS=pthread_create   -o CMakeFiles/cmTryCompileExec3163759548.dir/CheckFunctionExists.c.o   -c /usr/share/cmake-2.8/Modules/CheckFunctionExists.c
Linking C executable cmTryCompileExec3163759548
/usr/bin/cmake -E cmake_link_script CMakeFiles/cmTryCompileExec3163759548.dir/link.txt --verbose=1
/usr/bin/cc   -DCHECK_FUNCTION_EXISTS=pthread_create    CMakeFiles/cmTryCompileExec3163759548.dir/CheckFunctionExists.c.o  -o cmTryCompileExec3163759548 -rdynamic -lpthreads 
/usr/bin/ld: cannot find -lpthreads
collect2: error: ld returned 1 exit status
make[1]: Leaving directory `/root/catkin_ws/build/rosprolog/CMakeFiles/CMakeTmp'
make[1]: *** [cmTryCompileExec3163759548] Error 1
make: *** [cmTryCompileExec3163759548/fast] Error 2


